<?xml version="1.0" encoding="UTF-8"?>
<!-- Generated by org.testng.reporters.JUnitXMLReporter -->
<testsuite hostname="noodlequiet-lm" name="SmokeRun" tests="1" failures="1" timestamp="10 Jun 2013 11:30:46 GMT" time="42.297" errors="0">
  <testcase name="verifyMail" time="42.287" classname="yahoo.toolbar.webDriver.apps.mail.Mail">
    <failure type="java.lang.AssertionError" message="Mail was not found expected:&amp;lt;true&amp;gt; but was:&amp;lt;false&amp;gt;">
      <![CDATA[java.lang.AssertionError: Mail was not found expected:<true> but was:<false>
	at yahoo.toolbar.webDriver.apps.mail.Mail.verifyMail(Mail.java:796)
	at org.apache.maven.surefire.testng.TestNGExecutor.run(TestNGExecutor.java:77)
	at org.apache.maven.surefire.testng.TestNGXmlTestSuite.execute(TestNGXmlTestSuite.java:92)
	at org.apache.maven.surefire.Surefire.run(Surefire.java:177)
	at org.apache.maven.surefire.booter.SurefireBooter.runSuitesInProcess(SurefireBooter.java:334)
	at org.apache.maven.surefire.booter.SurefireBooter.main(SurefireBooter.java:980)
... Removed 28 stack frames]]>
    </failure>
  </testcase> <!-- verifyMail -->
</testsuite> <!-- SmokeRun -->
