<?xml version="1.0" encoding="UTF-8"?>
<testng-results skipped="0" failed="1" total="1" passed="0">
  <reporter-output>
  </reporter-output>
  <suite name="Galaxy Automation Test Suite" duration-ms="42297" started-at="2013-06-10T17:00:03Z" finished-at="2013-06-10T17:00:46Z">
    <groups>
      <group name="Smoke">
        <method signature="Mail.verifyMail()[pri:0, instance:yahoo.toolbar.webDriver.apps.mail.Mail@73265109]" name="verifyMail" class="yahoo.toolbar.webDriver.apps.mail.Mail"/>
      </group> <!-- Smoke -->
      <group name="mail">
        <method signature="Mail.verifyMail()[pri:0, instance:yahoo.toolbar.webDriver.apps.mail.Mail@73265109]" name="verifyMail" class="yahoo.toolbar.webDriver.apps.mail.Mail"/>
      </group> <!-- mail -->
      <group name="Regression">
        <method signature="Mail.verifyMail()[pri:0, instance:yahoo.toolbar.webDriver.apps.mail.Mail@73265109]" name="verifyMail" class="yahoo.toolbar.webDriver.apps.mail.Mail"/>
      </group> <!-- Regression -->
      <group name="Functional">
        <method signature="Mail.verifyMail()[pri:0, instance:yahoo.toolbar.webDriver.apps.mail.Mail@73265109]" name="verifyMail" class="yahoo.toolbar.webDriver.apps.mail.Mail"/>
      </group> <!-- Functional -->
    </groups>
    <test name="SmokeRun" duration-ms="42297" started-at="2013-06-10T17:00:03Z" finished-at="2013-06-10T17:00:46Z">
      <class name="yahoo.toolbar.webDriver.apps.mail.Mail">
        <test-method status="FAIL" signature="verifyMail()[pri:0, instance:yahoo.toolbar.webDriver.apps.mail.Mail@73265109]" name="verifyMail" duration-ms="42287" started-at="2013-06-10T17:00:03Z" finished-at="2013-06-10T17:00:46Z">
          <exception class="java.lang.AssertionError">
            <message>
              <![CDATA[Mail was not found expected:<true> but was:<false>]]>
            </message>
            <full-stacktrace>
              <![CDATA[java.lang.AssertionError: Mail was not found expected:<true> but was:<false>
	at org.testng.Assert.fail(Assert.java:89)
	at org.testng.Assert.failNotEquals(Assert.java:489)
	at org.testng.Assert.assertTrue(Assert.java:37)
	at yahoo.toolbar.webDriver.apps.mail.Mail.verifyMail(Mail.java:796)
	at sun.reflect.NativeMethodAccessorImpl.invoke0(Native Method)
	at sun.reflect.NativeMethodAccessorImpl.invoke(NativeMethodAccessorImpl.java:39)
	at sun.reflect.DelegatingMethodAccessorImpl.invoke(DelegatingMethodAccessorImpl.java:25)
	at java.lang.reflect.Method.invoke(Method.java:597)
	at org.testng.internal.MethodInvocationHelper.invokeMethod(MethodInvocationHelper.java:80)
	at org.testng.internal.Invoker.invokeMethod(Invoker.java:702)
	at org.testng.internal.Invoker.invokeTestMethod(Invoker.java:894)
	at org.testng.internal.Invoker.invokeTestMethods(Invoker.java:1219)
	at org.testng.internal.TestMethodWorker.invokeTestMethods(TestMethodWorker.java:127)
	at org.testng.internal.TestMethodWorker.run(TestMethodWorker.java:111)
	at org.testng.TestRunner.privateRun(TestRunner.java:768)
	at org.testng.TestRunner.run(TestRunner.java:617)
	at org.testng.SuiteRunner.runTest(SuiteRunner.java:334)
	at org.testng.SuiteRunner.runSequentially(SuiteRunner.java:329)
	at org.testng.SuiteRunner.privateRun(SuiteRunner.java:291)
	at org.testng.SuiteRunner.run(SuiteRunner.java:240)
	at org.testng.SuiteRunnerWorker.runSuite(SuiteRunnerWorker.java:53)
	at org.testng.SuiteRunnerWorker.run(SuiteRunnerWorker.java:87)
	at org.testng.TestNG.runSuitesSequentially(TestNG.java:1188)
	at org.testng.TestNG.runSuitesLocally(TestNG.java:1113)
	at org.testng.TestNG.run(TestNG.java:1025)
	at org.apache.maven.surefire.testng.TestNGExecutor.run(TestNGExecutor.java:77)
	at org.apache.maven.surefire.testng.TestNGXmlTestSuite.execute(TestNGXmlTestSuite.java:92)
	at org.apache.maven.surefire.Surefire.run(Surefire.java:177)
	at sun.reflect.NativeMethodAccessorImpl.invoke0(Native Method)
	at sun.reflect.NativeMethodAccessorImpl.invoke(NativeMethodAccessorImpl.java:39)
	at sun.reflect.DelegatingMethodAccessorImpl.invoke(DelegatingMethodAccessorImpl.java:25)
	at java.lang.reflect.Method.invoke(Method.java:597)
	at org.apache.maven.surefire.booter.SurefireBooter.runSuitesInProcess(SurefireBooter.java:334)
	at org.apache.maven.surefire.booter.SurefireBooter.main(SurefireBooter.java:980)
]]>
            </full-stacktrace>
          </exception> <!-- java.lang.AssertionError -->
        </test-method> <!-- verifyMail -->
      </class> <!-- yahoo.toolbar.webDriver.apps.mail.Mail -->
      <class name="yahoo.toolbar.webDriver.util.Config">
        <test-method status="PASS" signature="selectBrowser()[pri:0, instance:yahoo.toolbar.webDriver.util.Config[frame0,38,22,0x0,invalid,hidden,layout=java.awt.BorderLayout,title=,resizable,normal,defaultCloseOperation=HIDE_ON_CLOSE,rootPane=javax.swing.JRootPane[,0,0,0x0,invalid,layout=javax.swing.JRootPane$RootLayout,alignmentX=0.0,alignmentY=0.0,border=,flags=16777673,maximumSize=,minimumSize=,preferredSize=],rootPaneCheckingEnabled=true]]" name="selectBrowser" is-config="true" duration-ms="22694" started-at="2013-06-10T16:59:41Z" finished-at="2013-06-10T17:00:03Z">
        </test-method> <!-- selectBrowser -->
        <test-method status="PASS" signature="killBrowser()[pri:0, instance:yahoo.toolbar.webDriver.util.Config[frame0,38,22,0x0,invalid,hidden,layout=java.awt.BorderLayout,title=,resizable,normal,defaultCloseOperation=HIDE_ON_CLOSE,rootPane=javax.swing.JRootPane[,0,0,0x0,invalid,layout=javax.swing.JRootPane$RootLayout,alignmentX=0.0,alignmentY=0.0,border=,flags=16777673,maximumSize=,minimumSize=,preferredSize=],rootPaneCheckingEnabled=true]]" name="killBrowser" is-config="true" duration-ms="95" started-at="2013-06-10T17:00:46Z" finished-at="2013-06-10T17:00:46Z">
        </test-method> <!-- killBrowser -->
      </class> <!-- yahoo.toolbar.webDriver.util.Config -->
    </test> <!-- SmokeRun -->
  </suite> <!-- Galaxy Automation Test Suite -->
</testng-results>
