<html xmlns:math="http://exslt.org/math" xmlns:testng="http://testng.org">
   <head>
      <title>TestNG XSLT Results</title>
      <meta http-equiv="content-type" content="text/html; charset=utf-8"></meta>
      <meta http-equiv="pragma" content="no-cache"></meta>
      <meta http-equiv="cache-control" content="max-age=0"></meta>
      <meta http-equiv="cache-control" content="no-cache"></meta>
      <meta http-equiv="cache-control" content="no-store"></meta>
      <LINK rel="stylesheet" href="style.css"></LINK>
      <script type="text/javascript" src="main.js"></script>
   </head>
   <body>
      <table width="100%" style="font-size: 16px; margin-bottom: 10px;" cellspacing="1">
         <tr>
            <td width="100%">
               Test case
               
               <b>RegrssionRun</b>
            </td>
            <td style="background-color: #FFBBBB; padding: 3px 3px 3px 0;" align="center">
               <div style="width: 50px;">0</div>
            </td>
            <td style="background-color: lightgreen; padding: 3px 3px 3px 0;" align="center">
               <div style="width: 50px;">1</div>
            </td>
            <td style="background-color: #FFFFBB; padding: 3px 3px 3px 0;" align="center">
               <div style="width: 50px;">0</div>
            </td>
            <td align="center" style="background-color: #eaf0f7; padding: 3px 3px 3px 0;">
               <div style="width: 50px;">1</div>
            </td>
            <td align="center"
                style="font-weight: bold; background-color: #eaf0f7; padding: 3px 3px 3px 0;">
               <div style="width: 50px;">100%</div>
            </td>
            <td style="background-color: #eaf0f7; padding: 3px 3px 3px 0;" align="center"
                nowrap="true">19s
               
            </td>
         </tr>
      </table>
      <div style="width: 200px;">
         <label for="groupMethodsCheckBox" style="font-weight: bold; margin: 0;">
            <input id="groupMethodsCheckBox" type="checkbox" onclick="switchTestMethodsView(this)"
                   checked=""></input>
            Group by class
            
         </label>
         <br></br>
         <label for="methodsFilter_ALL" style="font-weight: bold; margin: 0;">
            <input id="methodsFilter_ALL" type="checkbox"
                   onclick="testMethodsFilterChanged(this, 'ALL')"
                   checked=""></input>
            All
            
         </label>
      </div>
      <label for="methodsFilter_FAIL" style="margin-left: 20px;">
         <input id="methodsFilter_FAIL" type="checkbox"
                onclick="testMethodsFilterChanged(this, 'FAIL')"
                checked=""></input>
         Failed
         
      </label>
      <label for="methodsFilter_PASS">
         <input id="methodsFilter_PASS" type="checkbox"
                onclick="testMethodsFilterChanged(this, 'PASS')"
                checked=""></input>
         Passed
         
      </label>
      <label for="methodsFilter_SKIP">
         <input id="methodsFilter_SKIP" type="checkbox"
                onclick="testMethodsFilterChanged(this, 'SKIP')"
                checked=""></input>
         Skipped
         
      </label>
      <label for="methodsFilter_CONF">
         <input id="methodsFilter_CONF" type="checkbox"
                onclick="testMethodsFilterChanged(this, 'CONF')"
                checked=""></input>
         Config
         
      </label>
      <br></br>
      <div id="testMethodsByStatus" style="display: none;">
         <table class="testMethodsTable" cellpadding="0" cellspacing="0">
            <tr class="methodsTableHeader">
               <td width="100%">Name</td>
               <td nowrap="true">Started</td>
               <td nowrap="true">Duration</td>
               <td>Exception</td>
            </tr>
            <tr id="yahoo.toolbar.webDriver.util.Config_killBrowser_byStatus_failed_FAIL1_row"
                class="testMethodStatusFAIL testMethodStatusCONF">
               <td width="100%" class="firstMethodCell">
                  <a onclick="toggleDetailsVisibility('yahoo.toolbar.webDriver.util.Config_killBrowser_byStatus_failed_FAIL1_details')">killBrowser()</a>
               </td>
               <td nowrap="true">11:21:30</td>
               <td nowrap="true" align="right">0 ms
                  
               </td>
               <td nowrap="true">
                  <a onclick="toggleDetailsVisibility('yahoo.toolbar.webDriver.util.Config_killBrowser_byStatus_failed_FAIL1_exception')">org.openqa.selenium.remote.UnreachableBrowserException: 
                     Error communicating with the remote browser. It may have died.
                     Build info: version: '2.24.1', revision: '17205', time: '2012-06-19 15:28:49'
                     System info: os.name: 'Windows 7', os.arch: 'amd64', os.version: '6.1', java.version: '1.6.0_27'
                     Driver info: driver.version: RemoteWebDriver
                     
                  </a>
                   
                  
               </td>
            </tr>
            <tr>
               <td colspan="4"
                   style="padding: 0; background-color: white; border-style: none; height: 0px;">
                  <div id="yahoo.toolbar.webDriver.util.Config_killBrowser_byStatus_failed_FAIL1_details"
                       class="testMethodDetails">
                     <div>
                        <b>Name:
                           
                        </b>killBrowser
                     </div>
                     <div>
                        <b>Signature:
                           
                        </b>killBrowser()[pri:0, instance:yahoo.toolbar.webDriver.util.Config[frame2,0,0,0x0,invalid,hidden,layout=java.awt.BorderLayout,title=,resizable,normal,defaultCloseOperation=HIDE_ON_CLOSE,rootPane=javax.swing.JRootPane[,0,0,0x0,invalid,layout=javax.swing.JRootPane$RootLayout,alignmentX=0.0,alignmentY=0.0,border=,flags=16777673,maximumSize=,minimumSize=,preferredSize=],rootPaneCheckingEnabled=true]]
                     </div>
                     <div>
                        <b>Start time:
                           
                        </b>11:21:30
                     </div>
                     <div>
                        <b>End time:
                           
                        </b>11:21:30
                     </div>
                     <div>
                        <b>Duration:
                           
                        </b>0 ms
                        
                     </div>
                  </div>
               </td>
            </tr>
            <tr>
               <td colspan="4"
                   style="padding: 0; background-color: white; border-style: none; height: 0px;">
                  <div id="yahoo.toolbar.webDriver.util.Config_killBrowser_byStatus_failed_FAIL1_exception"
                       class="testMethodDetails">
                     <pre style="padding: 5px; margin: 0;">org.openqa.selenium.remote.UnreachableBrowserException: Error communicating with the remote browser. It may have died.
                        Build info: version: '2.24.1', revision: '17205', time: '2012-06-19 15:28:49'
                        System info: os.name: 'Windows 7', os.arch: 'amd64', os.version: '6.1', java.version: '1.6.0_27'
                        Driver info: driver.version: RemoteWebDriver
                        	at org.openqa.selenium.remote.RemoteWebDriver.execute(RemoteWebDriver.java:467)
                        	at org.openqa.selenium.remote.RemoteWebDriver.execute(RemoteWebDriver.java:476)
                        	at org.openqa.selenium.remote.RemoteWebDriver.quit(RemoteWebDriver.java:346)
                        	at yahoo.toolbar.webDriver.util.Config.killBrowser(Config.java:115)
                        	at sun.reflect.NativeMethodAccessorImpl.invoke0(Native Method)
                        	at sun.reflect.NativeMethodAccessorImpl.invoke(NativeMethodAccessorImpl.java:39)
                        	at sun.reflect.DelegatingMethodAccessorImpl.invoke(DelegatingMethodAccessorImpl.java:25)
                        	at java.lang.reflect.Method.invoke(Method.java:597)
                        	at org.testng.internal.MethodInvocationHelper.invokeMethod(MethodInvocationHelper.java:80)
                        	at org.testng.internal.Invoker.invokeConfigurationMethod(Invoker.java:551)
                        	at org.testng.internal.Invoker.invokeConfigurations(Invoker.java:213)
                        	at org.testng.internal.Invoker.invokeConfigurations(Invoker.java:138)
                        	at org.testng.SuiteRunner.privateRun(SuiteRunner.java:308)
                        	at org.testng.SuiteRunner.run(SuiteRunner.java:240)
                        	at org.testng.SuiteRunnerWorker.runSuite(SuiteRunnerWorker.java:53)
                        	at org.testng.SuiteRunnerWorker.run(SuiteRunnerWorker.java:87)
                        	at org.testng.TestNG.runSuitesSequentially(TestNG.java:1188)
                        	at org.testng.TestNG.runSuitesLocally(TestNG.java:1113)
                        	at org.testng.TestNG.run(TestNG.java:1025)
                        	at org.apache.maven.surefire.testng.TestNGExecutor.run(TestNGExecutor.java:77)
                        	at org.apache.maven.surefire.testng.TestNGXmlTestSuite.execute(TestNGXmlTestSuite.java:92)
                        	at org.apache.maven.surefire.Surefire.run(Surefire.java:177)
                        	at sun.reflect.NativeMethodAccessorImpl.invoke0(Native Method)
                        	at sun.reflect.NativeMethodAccessorImpl.invoke(NativeMethodAccessorImpl.java:39)
                        	at sun.reflect.DelegatingMethodAccessorImpl.invoke(DelegatingMethodAccessorImpl.java:25)
                        	at java.lang.reflect.Method.invoke(Method.java:597)
                        	at org.apache.maven.surefire.booter.SurefireBooter.runSuitesInProcess(SurefireBooter.java:334)
                        	at org.apache.maven.surefire.booter.SurefireBooter.main(SurefireBooter.java:980)
                        Caused by: org.openqa.selenium.WebDriverException: org.apache.http.conn.HttpHostConnectException: Connection to http://localhost:16147
                        refused
                        Build info: version: '2.24.1', revision: '17205', time: '2012-06-19 15:28:49'
                        System info: os.name: 'Windows 7', os.arch: 'amd64', os.version: '6.1', java.version: '1.6.0_27'
                        Driver info: driver.version: RemoteWebDriver
                        	at org.openqa.selenium.remote.service.DriverCommandExecutor.execute(DriverCommandExecutor.java:75)
                        	at org.openqa.selenium.remote.RemoteWebDriver.execute(RemoteWebDriver.java:446)
                        	... 27 more
                        Caused by: org.apache.http.conn.HttpHostConnectException: Connection to http://localhost:16147 refused
                        	at org.apache.http.impl.conn.DefaultClientConnectionOperator.openConnection(DefaultClientConnectionOperator.java:158)
                        	at org.apache.http.impl.conn.AbstractPoolEntry.open(AbstractPoolEntry.java:149)
                        	at org.apache.http.impl.conn.AbstractPooledConnAdapter.open(AbstractPooledConnAdapter.java:121)
                        	at org.apache.http.impl.client.DefaultRequestDirector.tryExecute(DefaultRequestDirector.java:634)
                        	at org.apache.http.impl.client.DefaultRequestDirector.execute(DefaultRequestDirector.java:464)
                        	at org.apache.http.impl.client.AbstractHttpClient.execute(AbstractHttpClient.java:820)
                        	at org.openqa.selenium.remote.HttpCommandExecutor.fallBackExecute(HttpCommandExecutor.java:319)
                        	at org.openqa.selenium.remote.HttpCommandExecutor.execute(HttpCommandExecutor.java:297)
                        	at org.openqa.selenium.remote.service.DriverCommandExecutor.execute(DriverCommandExecutor.java:66)
                        	... 28 more
                        Caused by: java.net.ConnectException: Connection refused: connect
                        	at java.net.PlainSocketImpl.socketConnect(Native Method)
                        	at java.net.PlainSocketImpl.doConnect(PlainSocketImpl.java:351)
                        	at java.net.PlainSocketImpl.connectToAddress(PlainSocketImpl.java:213)
                        	at java.net.PlainSocketImpl.connect(PlainSocketImpl.java:200)
                        	at java.net.SocksSocketImpl.connect(SocksSocketImpl.java:366)
                        	at java.net.Socket.connect(Socket.java:529)
                        	at org.apache.http.conn.scheme.PlainSocketFactory.connectSocket(PlainSocketFactory.java:123)
                        	at org.apache.http.impl.conn.DefaultClientConnectionOperator.openConnection(DefaultClientConnectionOperator.java:148)
                        	... 36 more
                     </pre>
                  </div>
               </td>
            </tr>
            <tr id="yahoo.toolbar.webDriver.apps.youTube.Test2_test_byStatus_passed_PASS1_row"
                class="testMethodStatusPASS testMethodStatusCONF">
               <td width="100%" class="firstMethodCell">
                  <a onclick="toggleDetailsVisibility('yahoo.toolbar.webDriver.apps.youTube.Test2_test_byStatus_passed_PASS1_details')">test()</a>
               </td>
               <td nowrap="true">11:21:30</td>
               <td nowrap="true" align="right">1 ms
                  
               </td>
               <td nowrap="true">
                   
                  
               </td>
            </tr>
            <tr>
               <td colspan="4"
                   style="padding: 0; background-color: white; border-style: none; height: 0px;">
                  <div id="yahoo.toolbar.webDriver.apps.youTube.Test2_test_byStatus_passed_PASS1_details"
                       class="testMethodDetails">
                     <div>
                        <b>Name:
                           
                        </b>test
                     </div>
                     <div>
                        <b>Signature:
                           
                        </b>test()[pri:0, instance:yahoo.toolbar.webDriver.apps.youTube.Test2@79038de7]
                     </div>
                     <div>
                        <b>Start time:
                           
                        </b>11:21:30
                     </div>
                     <div>
                        <b>End time:
                           
                        </b>11:21:30
                     </div>
                     <div>
                        <b>Duration:
                           
                        </b>1 ms
                        
                     </div>
                  </div>
               </td>
            </tr>
            <tr></tr>
            <tr id="yahoo.toolbar.webDriver.apps.youTube.Test2_testing3_byStatus_passed_PASS2_row"
                class="testMethodStatusPASS">
               <td width="100%" class="firstMethodCell">
                  <a onclick="toggleDetailsVisibility('yahoo.toolbar.webDriver.apps.youTube.Test2_testing3_byStatus_passed_PASS2_details')">testing3()</a>
               </td>
               <td nowrap="true">11:21:30</td>
               <td nowrap="true" align="right">1 ms
                  
               </td>
               <td nowrap="true">
                   
                  
               </td>
            </tr>
            <tr>
               <td colspan="4"
                   style="padding: 0; background-color: white; border-style: none; height: 0px;">
                  <div id="yahoo.toolbar.webDriver.apps.youTube.Test2_testing3_byStatus_passed_PASS2_details"
                       class="testMethodDetails">
                     <div>
                        <b>Name:
                           
                        </b>testing3
                     </div>
                     <div>
                        <b>Signature:
                           
                        </b>testing3()[pri:0, instance:yahoo.toolbar.webDriver.apps.youTube.Test2@79038de7]
                     </div>
                     <div>
                        <b>Start time:
                           
                        </b>11:21:30
                     </div>
                     <div>
                        <b>End time:
                           
                        </b>11:21:30
                     </div>
                     <div>
                        <b>Duration:
                           
                        </b>1 ms
                        
                     </div>
                  </div>
               </td>
            </tr>
            <tr></tr>
            <tr id="yahoo.toolbar.webDriver.util.Config_selectBrowser_byStatus_passed_PASS3_row"
                class="testMethodStatusPASS testMethodStatusCONF">
               <td width="100%" class="firstMethodCell">
                  <a onclick="toggleDetailsVisibility('yahoo.toolbar.webDriver.util.Config_selectBrowser_byStatus_passed_PASS3_details')">selectBrowser()</a>
               </td>
               <td nowrap="true">11:20:54</td>
               <td nowrap="true" align="right">19s
                  
               </td>
               <td nowrap="true">
                   
                  
               </td>
            </tr>
            <tr>
               <td colspan="4"
                   style="padding: 0; background-color: white; border-style: none; height: 0px;">
                  <div id="yahoo.toolbar.webDriver.util.Config_selectBrowser_byStatus_passed_PASS3_details"
                       class="testMethodDetails">
                     <div>
                        <b>Name:
                           
                        </b>selectBrowser
                     </div>
                     <div>
                        <b>Signature:
                           
                        </b>selectBrowser()[pri:0, instance:yahoo.toolbar.webDriver.util.Config[frame2,0,0,0x0,invalid,hidden,layout=java.awt.BorderLayout,title=,resizable,normal,defaultCloseOperation=HIDE_ON_CLOSE,rootPane=javax.swing.JRootPane[,0,0,0x0,invalid,layout=javax.swing.JRootPane$RootLayout,alignmentX=0.0,alignmentY=0.0,border=,flags=16777673,maximumSize=,minimumSize=,preferredSize=],rootPaneCheckingEnabled=true]]
                     </div>
                     <div>
                        <b>Start time:
                           
                        </b>11:20:54
                     </div>
                     <div>
                        <b>End time:
                           
                        </b>11:21:13
                     </div>
                     <div>
                        <b>Duration:
                           
                        </b>19s
                        
                     </div>
                  </div>
               </td>
            </tr>
            <tr></tr>
         </table>
      </div>
      <div id="testMethodsByClass">
         <table class="testMethodsTable" cellpadding="0" cellspacing="0">
            <tr>
               <td colspan="4">
                  <h3 style="display: inline;">yahoo.toolbar.webDriver.apps.youTube.Test2</h3>
               </td>
            </tr>
            <tr class="methodsTableHeader">
               <td width="100%">Name</td>
               <td nowrap="true">Started</td>
               <td nowrap="true">Duration</td>
               <td>Exception</td>
            </tr>
            <tr id="yahoo.toolbar.webDriver.apps.youTube.Test2_test_byClass_PASS1_row"
                class="testMethodStatusPASS testMethodStatusCONF">
               <td width="100%" class="firstMethodCell">
                  <a onclick="toggleDetailsVisibility('yahoo.toolbar.webDriver.apps.youTube.Test2_test_byClass_PASS1_details')">test()</a>
               </td>
               <td nowrap="true">11:21:30</td>
               <td nowrap="true" align="right">1 ms
                  
               </td>
               <td nowrap="true">
                   
                  
               </td>
            </tr>
            <tr>
               <td colspan="4"
                   style="padding: 0; background-color: white; border-style: none; height: 0px;">
                  <div id="yahoo.toolbar.webDriver.apps.youTube.Test2_test_byClass_PASS1_details"
                       class="testMethodDetails">
                     <div>
                        <b>Name:
                           
                        </b>test
                     </div>
                     <div>
                        <b>Signature:
                           
                        </b>test()[pri:0, instance:yahoo.toolbar.webDriver.apps.youTube.Test2@79038de7]
                     </div>
                     <div>
                        <b>Start time:
                           
                        </b>11:21:30
                     </div>
                     <div>
                        <b>End time:
                           
                        </b>11:21:30
                     </div>
                     <div>
                        <b>Duration:
                           
                        </b>1 ms
                        
                     </div>
                  </div>
               </td>
            </tr>
            <tr></tr>
            <tr id="yahoo.toolbar.webDriver.apps.youTube.Test2_testing3_byClass_PASS2_row"
                class="testMethodStatusPASS">
               <td width="100%" class="firstMethodCell">
                  <a onclick="toggleDetailsVisibility('yahoo.toolbar.webDriver.apps.youTube.Test2_testing3_byClass_PASS2_details')">testing3()</a>
               </td>
               <td nowrap="true">11:21:30</td>
               <td nowrap="true" align="right">1 ms
                  
               </td>
               <td nowrap="true">
                   
                  
               </td>
            </tr>
            <tr>
               <td colspan="4"
                   style="padding: 0; background-color: white; border-style: none; height: 0px;">
                  <div id="yahoo.toolbar.webDriver.apps.youTube.Test2_testing3_byClass_PASS2_details"
                       class="testMethodDetails">
                     <div>
                        <b>Name:
                           
                        </b>testing3
                     </div>
                     <div>
                        <b>Signature:
                           
                        </b>testing3()[pri:0, instance:yahoo.toolbar.webDriver.apps.youTube.Test2@79038de7]
                     </div>
                     <div>
                        <b>Start time:
                           
                        </b>11:21:30
                     </div>
                     <div>
                        <b>End time:
                           
                        </b>11:21:30
                     </div>
                     <div>
                        <b>Duration:
                           
                        </b>1 ms
                        
                     </div>
                  </div>
               </td>
            </tr>
            <tr></tr>
         </table>
         <br></br>
         <table class="testMethodsTable" cellpadding="0" cellspacing="0">
            <tr>
               <td colspan="4">
                  <h3 style="display: inline;">yahoo.toolbar.webDriver.util.Config</h3>
               </td>
            </tr>
            <tr class="methodsTableHeader">
               <td width="100%">Name</td>
               <td nowrap="true">Started</td>
               <td nowrap="true">Duration</td>
               <td>Exception</td>
            </tr>
            <tr id="yahoo.toolbar.webDriver.util.Config_selectBrowser_byClass_PASS1_row"
                class="testMethodStatusPASS testMethodStatusCONF">
               <td width="100%" class="firstMethodCell">
                  <a onclick="toggleDetailsVisibility('yahoo.toolbar.webDriver.util.Config_selectBrowser_byClass_PASS1_details')">selectBrowser()</a>
               </td>
               <td nowrap="true">11:20:54</td>
               <td nowrap="true" align="right">19s
                  
               </td>
               <td nowrap="true">
                   
                  
               </td>
            </tr>
            <tr>
               <td colspan="4"
                   style="padding: 0; background-color: white; border-style: none; height: 0px;">
                  <div id="yahoo.toolbar.webDriver.util.Config_selectBrowser_byClass_PASS1_details"
                       class="testMethodDetails">
                     <div>
                        <b>Name:
                           
                        </b>selectBrowser
                     </div>
                     <div>
                        <b>Signature:
                           
                        </b>selectBrowser()[pri:0, instance:yahoo.toolbar.webDriver.util.Config[frame2,0,0,0x0,invalid,hidden,layout=java.awt.BorderLayout,title=,resizable,normal,defaultCloseOperation=HIDE_ON_CLOSE,rootPane=javax.swing.JRootPane[,0,0,0x0,invalid,layout=javax.swing.JRootPane$RootLayout,alignmentX=0.0,alignmentY=0.0,border=,flags=16777673,maximumSize=,minimumSize=,preferredSize=],rootPaneCheckingEnabled=true]]
                     </div>
                     <div>
                        <b>Start time:
                           
                        </b>11:20:54
                     </div>
                     <div>
                        <b>End time:
                           
                        </b>11:21:13
                     </div>
                     <div>
                        <b>Duration:
                           
                        </b>19s
                        
                     </div>
                  </div>
               </td>
            </tr>
            <tr></tr>
            <tr id="yahoo.toolbar.webDriver.util.Config_killBrowser_byClass_FAIL2_row"
                class="testMethodStatusFAIL testMethodStatusCONF">
               <td width="100%" class="firstMethodCell">
                  <a onclick="toggleDetailsVisibility('yahoo.toolbar.webDriver.util.Config_killBrowser_byClass_FAIL2_details')">killBrowser()</a>
               </td>
               <td nowrap="true">11:21:30</td>
               <td nowrap="true" align="right">0 ms
                  
               </td>
               <td nowrap="true">
                  <a onclick="toggleDetailsVisibility('yahoo.toolbar.webDriver.util.Config_killBrowser_byClass_FAIL2_exception')">org.openqa.selenium.remote.UnreachableBrowserException: 
                     Error communicating with the remote browser. It may have died.
                     Build info: version: '2.24.1', revision: '17205', time: '2012-06-19 15:28:49'
                     System info: os.name: 'Windows 7', os.arch: 'amd64', os.version: '6.1', java.version: '1.6.0_27'
                     Driver info: driver.version: RemoteWebDriver
                     
                  </a>
                   
                  
               </td>
            </tr>
            <tr>
               <td colspan="4"
                   style="padding: 0; background-color: white; border-style: none; height: 0px;">
                  <div id="yahoo.toolbar.webDriver.util.Config_killBrowser_byClass_FAIL2_details"
                       class="testMethodDetails">
                     <div>
                        <b>Name:
                           
                        </b>killBrowser
                     </div>
                     <div>
                        <b>Signature:
                           
                        </b>killBrowser()[pri:0, instance:yahoo.toolbar.webDriver.util.Config[frame2,0,0,0x0,invalid,hidden,layout=java.awt.BorderLayout,title=,resizable,normal,defaultCloseOperation=HIDE_ON_CLOSE,rootPane=javax.swing.JRootPane[,0,0,0x0,invalid,layout=javax.swing.JRootPane$RootLayout,alignmentX=0.0,alignmentY=0.0,border=,flags=16777673,maximumSize=,minimumSize=,preferredSize=],rootPaneCheckingEnabled=true]]
                     </div>
                     <div>
                        <b>Start time:
                           
                        </b>11:21:30
                     </div>
                     <div>
                        <b>End time:
                           
                        </b>11:21:30
                     </div>
                     <div>
                        <b>Duration:
                           
                        </b>0 ms
                        
                     </div>
                  </div>
               </td>
            </tr>
            <tr>
               <td colspan="4"
                   style="padding: 0; background-color: white; border-style: none; height: 0px;">
                  <div id="yahoo.toolbar.webDriver.util.Config_killBrowser_byClass_FAIL2_exception"
                       class="testMethodDetails">
                     <pre style="padding: 5px; margin: 0;">org.openqa.selenium.remote.UnreachableBrowserException: Error communicating with the remote browser. It may have died.
                        Build info: version: '2.24.1', revision: '17205', time: '2012-06-19 15:28:49'
                        System info: os.name: 'Windows 7', os.arch: 'amd64', os.version: '6.1', java.version: '1.6.0_27'
                        Driver info: driver.version: RemoteWebDriver
                        	at org.openqa.selenium.remote.RemoteWebDriver.execute(RemoteWebDriver.java:467)
                        	at org.openqa.selenium.remote.RemoteWebDriver.execute(RemoteWebDriver.java:476)
                        	at org.openqa.selenium.remote.RemoteWebDriver.quit(RemoteWebDriver.java:346)
                        	at yahoo.toolbar.webDriver.util.Config.killBrowser(Config.java:115)
                        	at sun.reflect.NativeMethodAccessorImpl.invoke0(Native Method)
                        	at sun.reflect.NativeMethodAccessorImpl.invoke(NativeMethodAccessorImpl.java:39)
                        	at sun.reflect.DelegatingMethodAccessorImpl.invoke(DelegatingMethodAccessorImpl.java:25)
                        	at java.lang.reflect.Method.invoke(Method.java:597)
                        	at org.testng.internal.MethodInvocationHelper.invokeMethod(MethodInvocationHelper.java:80)
                        	at org.testng.internal.Invoker.invokeConfigurationMethod(Invoker.java:551)
                        	at org.testng.internal.Invoker.invokeConfigurations(Invoker.java:213)
                        	at org.testng.internal.Invoker.invokeConfigurations(Invoker.java:138)
                        	at org.testng.SuiteRunner.privateRun(SuiteRunner.java:308)
                        	at org.testng.SuiteRunner.run(SuiteRunner.java:240)
                        	at org.testng.SuiteRunnerWorker.runSuite(SuiteRunnerWorker.java:53)
                        	at org.testng.SuiteRunnerWorker.run(SuiteRunnerWorker.java:87)
                        	at org.testng.TestNG.runSuitesSequentially(TestNG.java:1188)
                        	at org.testng.TestNG.runSuitesLocally(TestNG.java:1113)
                        	at org.testng.TestNG.run(TestNG.java:1025)
                        	at org.apache.maven.surefire.testng.TestNGExecutor.run(TestNGExecutor.java:77)
                        	at org.apache.maven.surefire.testng.TestNGXmlTestSuite.execute(TestNGXmlTestSuite.java:92)
                        	at org.apache.maven.surefire.Surefire.run(Surefire.java:177)
                        	at sun.reflect.NativeMethodAccessorImpl.invoke0(Native Method)
                        	at sun.reflect.NativeMethodAccessorImpl.invoke(NativeMethodAccessorImpl.java:39)
                        	at sun.reflect.DelegatingMethodAccessorImpl.invoke(DelegatingMethodAccessorImpl.java:25)
                        	at java.lang.reflect.Method.invoke(Method.java:597)
                        	at org.apache.maven.surefire.booter.SurefireBooter.runSuitesInProcess(SurefireBooter.java:334)
                        	at org.apache.maven.surefire.booter.SurefireBooter.main(SurefireBooter.java:980)
                        Caused by: org.openqa.selenium.WebDriverException: org.apache.http.conn.HttpHostConnectException: Connection to http://localhost:16147
                        refused
                        Build info: version: '2.24.1', revision: '17205', time: '2012-06-19 15:28:49'
                        System info: os.name: 'Windows 7', os.arch: 'amd64', os.version: '6.1', java.version: '1.6.0_27'
                        Driver info: driver.version: RemoteWebDriver
                        	at org.openqa.selenium.remote.service.DriverCommandExecutor.execute(DriverCommandExecutor.java:75)
                        	at org.openqa.selenium.remote.RemoteWebDriver.execute(RemoteWebDriver.java:446)
                        	... 27 more
                        Caused by: org.apache.http.conn.HttpHostConnectException: Connection to http://localhost:16147 refused
                        	at org.apache.http.impl.conn.DefaultClientConnectionOperator.openConnection(DefaultClientConnectionOperator.java:158)
                        	at org.apache.http.impl.conn.AbstractPoolEntry.open(AbstractPoolEntry.java:149)
                        	at org.apache.http.impl.conn.AbstractPooledConnAdapter.open(AbstractPooledConnAdapter.java:121)
                        	at org.apache.http.impl.client.DefaultRequestDirector.tryExecute(DefaultRequestDirector.java:634)
                        	at org.apache.http.impl.client.DefaultRequestDirector.execute(DefaultRequestDirector.java:464)
                        	at org.apache.http.impl.client.AbstractHttpClient.execute(AbstractHttpClient.java:820)
                        	at org.openqa.selenium.remote.HttpCommandExecutor.fallBackExecute(HttpCommandExecutor.java:319)
                        	at org.openqa.selenium.remote.HttpCommandExecutor.execute(HttpCommandExecutor.java:297)
                        	at org.openqa.selenium.remote.service.DriverCommandExecutor.execute(DriverCommandExecutor.java:66)
                        	... 28 more
                        Caused by: java.net.ConnectException: Connection refused: connect
                        	at java.net.PlainSocketImpl.socketConnect(Native Method)
                        	at java.net.PlainSocketImpl.doConnect(PlainSocketImpl.java:351)
                        	at java.net.PlainSocketImpl.connectToAddress(PlainSocketImpl.java:213)
                        	at java.net.PlainSocketImpl.connect(PlainSocketImpl.java:200)
                        	at java.net.SocksSocketImpl.connect(SocksSocketImpl.java:366)
                        	at java.net.Socket.connect(Socket.java:529)
                        	at org.apache.http.conn.scheme.PlainSocketFactory.connectSocket(PlainSocketFactory.java:123)
                        	at org.apache.http.impl.conn.DefaultClientConnectionOperator.openConnection(DefaultClientConnectionOperator.java:148)
                        	... 36 more
                     </pre>
                  </div>
               </td>
            </tr>
         </table>
         <br></br>
      </div>
      <div style="margin-top: 15px; color: gray; text-align: center; font-size: 9px;">
         Generated with
         
         <a href="http://code.google.com/p/testng-xslt/" style="color: #8888aa;"
            target="_blank">
            TestNG XSLT
            
         </a>
      </div>
   </body>
</html>